\BOOKMARK [1][-]{section*.2}{Preface}{}
\BOOKMARK [1][-]{section*.3}{Introduction}{}
\BOOKMARK [1][-]{section*.4}{Obtaining HALT}{}
\BOOKMARK [1][-]{section*.5}{Getting Started}{}
\BOOKMARK [2][-]{section*.6}{Windows}{section*.5}
\BOOKMARK [2][-]{section*.7}{OS X}{section*.5}
\BOOKMARK [2][-]{section*.8}{Linux}{section*.5}
\BOOKMARK [1][-]{section*.9}{Components of HALT}{}
\BOOKMARK [2][-]{section*.10}{Program Editor}{section*.9}
\BOOKMARK [2][-]{section*.11}{Memory and Register Viewer}{section*.9}
\BOOKMARK [2][-]{section*.12}{Memory and Register Inspector}{section*.9}
\BOOKMARK [2][-]{section*.13}{Virtual Machine}{section*.9}
\BOOKMARK [1][-]{section*.14}{Addressing Modes}{}
\BOOKMARK [2][-]{section*.15}{Data Register Direct}{section*.14}
\BOOKMARK [2][-]{section*.16}{Address Register Direct}{section*.14}
\BOOKMARK [2][-]{section*.17}{Address Register Indirect}{section*.14}
\BOOKMARK [2][-]{section*.18}{Address Register Indirect with pre-decrement}{section*.14}
\BOOKMARK [2][-]{section*.19}{Address Register Indirect with post-increment}{section*.14}
\BOOKMARK [2][-]{section*.20}{Symbolic Address Indirect}{section*.14}
\BOOKMARK [2][-]{section*.21}{Literal Mode}{section*.14}
\BOOKMARK [1][-]{section*.22}{Supported Instructions}{}
\BOOKMARK [2][-]{section*.23}{ADD}{section*.22}
\BOOKMARK [2][-]{section*.24}{AND}{section*.22}
\BOOKMARK [2][-]{section*.25}{BGE}{section*.22}
\BOOKMARK [2][-]{section*.26}{BGT}{section*.22}
\BOOKMARK [2][-]{section*.27}{BLE}{section*.22}
\BOOKMARK [2][-]{section*.28}{BLT}{section*.22}
\BOOKMARK [2][-]{section*.29}{BNE}{section*.22}
\BOOKMARK [2][-]{section*.30}{BRA}{section*.22}
\BOOKMARK [2][-]{section*.31}{CLR}{section*.22}
\BOOKMARK [2][-]{section*.32}{CMP}{section*.22}
\BOOKMARK [2][-]{section*.33}{DIV}{section*.22}
\BOOKMARK [2][-]{section*.34}{EOR}{section*.22}
\BOOKMARK [2][-]{section*.35}{LEA}{section*.22}
\BOOKMARK [2][-]{section*.36}{MOVE}{section*.22}
\BOOKMARK [2][-]{section*.37}{MUL}{section*.22}
\BOOKMARK [2][-]{section*.38}{NEG}{section*.22}
\BOOKMARK [2][-]{section*.39}{NOP}{section*.22}
\BOOKMARK [2][-]{section*.40}{NOT}{section*.22}
\BOOKMARK [2][-]{section*.41}{OR}{section*.22}
\BOOKMARK [2][-]{section*.42}{STOP}{section*.22}
\BOOKMARK [2][-]{section*.43}{SUB}{section*.22}
\BOOKMARK [1][-]{section*.44}{Additional Language Features}{}
\BOOKMARK [2][-]{section*.45}{Arrays}{section*.44}
\BOOKMARK [2][-]{section*.46}{Comments}{section*.44}
\BOOKMARK [2][-]{section*.47}{Labels}{section*.44}
\BOOKMARK [1][-]{section*.48}{HALT Developer's Notes}{}
